[debug] [2023-08-20T16:59:52.369Z] ----------------------------------------------------------------------
[debug] [2023-08-20T16:59:52.371Z] Command:       C:\Program Files\nodejs\node.exe C:\Program Files\nodejs\node_modules\firebase-tools\lib\bin\firebase.js init
[debug] [2023-08-20T16:59:52.371Z] CLI Version:   12.4.8
[debug] [2023-08-20T16:59:52.372Z] Platform:      win32
[debug] [2023-08-20T16:59:52.372Z] Node Version:  v18.16.1
[debug] [2023-08-20T16:59:52.372Z] Time:          Sun Aug 20 2023 22:29:52 GMT+0530 (India Standard Time)
[debug] [2023-08-20T16:59:52.373Z] ----------------------------------------------------------------------
[debug] 
[debug] [2023-08-20T16:59:52.384Z] >>> [apiv2][query] GET https://firebase-public.firebaseio.com/cli.json [none]
[debug] [2023-08-20T16:59:52.414Z] > command requires scopes: ["email","openid","https://www.googleapis.com/auth/cloudplatformprojects.readonly","https://www.googleapis.com/auth/firebase","https://www.googleapis.com/auth/cloud-platform"]
[debug] [2023-08-20T16:59:52.415Z] > authorizing via signed-in user (stressabiotic@gmail.com)
[info] 
     ######## #### ########  ######## ########     ###     ######  ########
     ##        ##  ##     ## ##       ##     ##  ##   ##  ##       ##
     ######    ##  ########  ######   ########  #########  ######  ######
     ##        ##  ##    ##  ##       ##     ## ##     ##       ## ##
     ##       #### ##     ## ######## ########  ##     ##  ######  ########

You're about to initialize a Firebase project in this directory:

  C:\Users\rajvi\OneDrive\Desktop\Staff_Itinerary\src\app\Services

[debug] [2023-08-20T16:59:53.093Z] <<< [apiv2][status] GET https://firebase-public.firebaseio.com/cli.json 200
[debug] [2023-08-20T16:59:53.093Z] <<< [apiv2][body] GET https://firebase-public.firebaseio.com/cli.json {"cloudBuildErrorAfter":1594252800000,"cloudBuildWarnAfter":1590019200000,"defaultNode10After":1594252800000,"minVersion":"3.0.5","node8DeploysDisabledAfter":1613390400000,"node8RuntimeDisabledAfter":1615809600000,"node8WarnAfter":1600128000000}
